<?xml version="1.0" encoding="UTF-8"?>
<testng-results ignored="0" total="1" passed="1" failed="0" skipped="0">
  <reporter-output>
  </reporter-output>
  <suite started-at="2026-05-17T12:11:01 IST" name="Default suite" finished-at="2026-05-17T12:11:11 IST" duration-ms="9320">
    <groups>
    </groups>
    <test started-at="2026-05-17T12:11:01 IST" name="Default test" finished-at="2026-05-17T12:11:11 IST" duration-ms="9320">
      <class name="TestCaseClass1.TestCasePageTestPOM">
        <test-method signature="test(java.util.HashMap)[pri:0, instance:TestCaseClass1.TestCasePageTestPOM@35dab4eb]" started-at="2026-05-17T12:11:02 IST" name="test" data-provider="dataProvider" finished-at="2026-05-17T12:11:11 IST" duration-ms="8900" status="PASS">
          <params>
            <param index="0">
              <value>
                <![CDATA[{firstName=sanju, lastName=maladinni, userPassword=Sanju@123!@#, gender=Male, enterUserMail=sanju9@gmail.com, emailName=sanju10@gmail.com, confirmationUserPassword=Sanju@123!@#, enterUserPassword=Sanju@123!@#, mobileName=9343111431}]]>
              </value>
            </param>
          </params>
          <reporter-output>
          </reporter-output>
        </test-method> <!-- test -->
      </class> <!-- TestCaseClass1.TestCasePageTestPOM -->
    </test> <!-- Default test -->
  </suite> <!-- Default suite -->
</testng-results>
